<?xml version="1.0" encoding="UTF-8"?>
<!-- Generated by org.testng.reporters.JUnitReportReporter -->
<testsuite skipped="0" hostname="L505613" name="getPackage.cookiebasedTest" tests="1" failures="0" timestamp="2021-04-08T09:51:06 GMT" time="2.993" errors="0">
  <testcase name="getCookiedata" time="2.993" classname="getPackage.cookiebasedTest"/>
  <system-out/>
</testsuite> <!-- getPackage.cookiebasedTest -->
