<?xml version="1.0" encoding="UTF-8"?>
<!-- Generated by org.testng.reporters.JUnitReportReporter -->
<testsuite skipped="0" hostname="L505613" name="apiTestExamples.postcallnewTest" tests="1" failures="0" timestamp="2021-04-12T08:12:13 GMT" time="3.136" errors="0">
  <testcase name="verifyPostCallTest" time="3.136" classname="apiTestExamples.postcallnewTest"/>
  <system-out/>
</testsuite> <!-- apiTestExamples.postcallnewTest -->
