<?xml version="1.0" encoding="UTF-8"?>
<!-- Generated by org.testng.reporters.JUnitReportReporter -->
<testsuite skipped="0" hostname="L505613" name="getPackage.oAuth2Test" tests="1" failures="0" timestamp="2021-04-01T13:23:09 GMT" time="2.576" errors="0">
  <testcase name="verifyOAuth2Test" time="2.576" classname="getPackage.oAuth2Test"/>
  <system-out/>
</testsuite> <!-- getPackage.oAuth2Test -->
