<?xml version="1.0" encoding="UTF-8"?>
<!-- Generated by org.testng.reporters.JUnitReportReporter -->
<testsuite skipped="0" hostname="L505613" name="getPackage.updateTest" tests="1" failures="0" timestamp="2021-04-08T09:32:27 GMT" time="3.132" errors="0">
  <testcase name="putTestcall" time="3.132" classname="getPackage.updateTest"/>
  <system-out/>
</testsuite> <!-- getPackage.updateTest -->
