<?xml version="1.0" encoding="UTF-8"?>
<!-- Generated by org.testng.reporters.JUnitReportReporter -->
<testsuite skipped="0" hostname="L505613" name="apiTestExamples.geTestcall1" tests="1" failures="0" timestamp="2021-06-27T11:10:36 GMT" time="2.667" errors="0">
  <testcase name="getCallTest" time="2.667" classname="apiTestExamples.geTestcall1"/>
  <system-out/>
</testsuite> <!-- apiTestExamples.geTestcall1 -->
