<?xml version="1.0" encoding="UTF-8"?>
<!-- Generated by org.testng.reporters.JUnitReportReporter -->
<testsuite skipped="0" hostname="L505613" name="apiTestExamples.getTestcall" tests="1" failures="0" timestamp="2021-04-02T10:05:32 GMT" time="3.585" errors="0">
  <testcase name="verifyGetCallTest" time="3.585" classname="apiTestExamples.getTestcall"/>
  <system-out/>
</testsuite> <!-- apiTestExamples.getTestcall -->
