<?xml version="1.0" encoding="UTF-8"?>
<!-- Generated by org.testng.reporters.JUnitReportReporter -->
<testsuite skipped="0" hostname="L505613" name="apiTestExamples.GetCallTest" tests="1" failures="0" timestamp="2021-06-27T11:20:20 GMT" time="2.423" errors="0">
  <testcase name="ListofusersTest" time="2.423" classname="apiTestExamples.GetCallTest"/>
  <system-out/>
</testsuite> <!-- apiTestExamples.GetCallTest -->
