<?xml version="1.0" encoding="UTF-8"?>
<!-- Generated by org.testng.reporters.JUnitReportReporter -->
<testsuite skipped="0" hostname="L505613" name="apiTestExamples.testGetCall" tests="1" failures="0" timestamp="2021-04-28T11:29:54 GMT" time="2.095" errors="0">
  <testcase name="getCallTesting" time="2.095" classname="apiTestExamples.testGetCall"/>
  <system-out/>
</testsuite> <!-- apiTestExamples.testGetCall -->
