<?xml version="1.0" encoding="UTF-8"?>
<!-- Generated by org.testng.reporters.JUnitReportReporter -->
<testsuite skipped="0" hostname="L505613" name="getPackage.getRequestTest" tests="1" failures="0" timestamp="2021-03-29T12:04:20 GMT" time="2.629" errors="0">
  <testcase name="testResponsecode" time="2.629" classname="getPackage.getRequestTest"/>
  <system-out/>
</testsuite> <!-- getPackage.getRequestTest -->
