<?xml version="1.0" encoding="UTF-8"?>
<!-- Generated by org.testng.reporters.JUnitReportReporter -->
<testsuite skipped="0" hostname="L505613" name="getPackage.getTest" tests="1" failures="0" timestamp="2021-03-30T09:40:27 GMT" time="3.794" errors="0">
  <testcase name="getCallTest" time="3.794" classname="getPackage.getTest"/>
  <system-out/>
</testsuite> <!-- getPackage.getTest -->
