<?xml version="1.0" encoding="UTF-8"?>
<!-- Generated by org.testng.reporters.JUnitReportReporter -->
<testsuite skipped="0" hostname="L505613" name="getPackage.getcallnewtest" tests="1" failures="0" timestamp="2021-04-11T10:31:40 GMT" time="3.218" errors="1">
  <testcase name="getNewCallTest" time="3.218" classname="getPackage.getcallnewtest">
    <error type="com.fasterxml.jackson.databind.exc.InvalidFormatException" message="Cannot deserialize value of type `long` from String &quot;2021-04-11T03:50:03.467+05:30&quot;: not a valid `long` value
 at [Source: (String)&quot;{&quot;id&quot;:7,&quot;name&quot;:&quot;The Hon. Akshata Sharma&quot;,&quot;email&quot;:&quot;hon_the_akshata_sharma@pagac-bailey.org&quot;,&quot;gender&quot;:&quot;Male&quot;,&quot;status&quot;:&quot;Active&quot;,&quot;created_at&quot;:&quot;2021-04-11T03:50:03.467+05:30&quot;,&quot;updated_at&quot;:&quot;2021-04-11T03:50:03.467+05:30&quot;}&quot;; line: 1, column: 139] (through reference chain: getPackage.Data[&quot;created_at&quot;])">
      <![CDATA[com.fasterxml.jackson.databind.exc.InvalidFormatException: Cannot deserialize value of type `long` from String "2021-04-11T03:50:03.467+05:30": not a valid `long` value
 at [Source: (String)"{"id":7,"name":"The Hon. Akshata Sharma","email":"hon_the_akshata_sharma@pagac-bailey.org","gender":"Male","status":"Active","created_at":"2021-04-11T03:50:03.467+05:30","updated_at":"2021-04-11T03:50:03.467+05:30"}"; line: 1, column: 139] (through reference chain: getPackage.Data["created_at"])
at com.fasterxml.jackson.databind.exc.InvalidFormatException.from(InvalidFormatException.java:67)
at com.fasterxml.jackson.databind.DeserializationContext.weirdStringException(DeserializationContext.java:1851)
at com.fasterxml.jackson.databind.DeserializationContext.handleWeirdStringValue(DeserializationContext.java:1079)
at com.fasterxml.jackson.databind.deser.std.StdDeserializer._parseLongPrimitive(StdDeserializer.java:880)
at com.fasterxml.jackson.databind.deser.std.StdDeserializer._parseLongPrimitive(StdDeserializer.java:868)
at com.fasterxml.jackson.databind.deser.std.NumberDeserializers$LongDeserializer.deserialize(NumberDeserializers.java:573)
at com.fasterxml.jackson.databind.deser.std.NumberDeserializers$LongDeserializer.deserialize(NumberDeserializers.java:550)
at com.fasterxml.jackson.databind.deser.impl.MethodProperty.deserializeAndSet(MethodProperty.java:129)
at com.fasterxml.jackson.databind.deser.BeanDeserializer.vanillaDeserialize(BeanDeserializer.java:324)
at com.fasterxml.jackson.databind.deser.BeanDeserializer.deserialize(BeanDeserializer.java:187)
at com.fasterxml.jackson.databind.deser.DefaultDeserializationContext.readRootValue(DefaultDeserializationContext.java:322)
at com.fasterxml.jackson.databind.ObjectMapper._readMapAndClose(ObjectMapper.java:4593)
at com.fasterxml.jackson.databind.ObjectMapper.readValue(ObjectMapper.java:3548)
at com.fasterxml.jackson.databind.ObjectMapper$readValue$0.call(Unknown Source)
at org.codehaus.groovy.runtime.callsite.CallSiteArray.defaultCall(CallSiteArray.java:47)
at org.codehaus.groovy.runtime.callsite.AbstractCallSite.call(AbstractCallSite.java:125)
at org.codehaus.groovy.runtime.callsite.AbstractCallSite.call(AbstractCallSite.java:148)
at io.restassured.internal.path.json.mapping.JsonPathJackson2ObjectDeserializer.deserialize(JsonPathJackson2ObjectDeserializer.groovy:46)
at io.restassured.path.json.mapping.JsonPathObjectDeserializer$deserialize.call(Unknown Source)
at org.codehaus.groovy.runtime.callsite.CallSiteArray.defaultCall(CallSiteArray.java:47)
at org.codehaus.groovy.runtime.callsite.AbstractCallSite.call(AbstractCallSite.java:125)
at org.codehaus.groovy.runtime.callsite.AbstractCallSite.call(AbstractCallSite.java:139)
at io.restassured.internal.path.json.mapping.JsonObjectDeserializer.deserializeWithJackson2(JsonObjectDeserializer.groovy:109)
at io.restassured.internal.path.json.mapping.JsonObjectDeserializer$deserializeWithJackson2.callStatic(Unknown Source)
at org.codehaus.groovy.runtime.callsite.CallSiteArray.defaultCallStatic(CallSiteArray.java:55)
at org.codehaus.groovy.runtime.callsite.AbstractCallSite.callStatic(AbstractCallSite.java:217)
at org.codehaus.groovy.runtime.callsite.AbstractCallSite.callStatic(AbstractCallSite.java:240)
at io.restassured.internal.path.json.mapping.JsonObjectDeserializer.deserialize(JsonObjectDeserializer.groovy:70)
at io.restassured.path.json.JsonPath.jsonStringToObject(JsonPath.java:1093)
at io.restassured.path.json.JsonPath.getList(JsonPath.java:400)
at getPackage.getcallnewtest.getNewCallTest(getcallnewtest.java:41)
at sun.reflect.NativeMethodAccessorImpl.invoke0(Native Method)
at sun.reflect.NativeMethodAccessorImpl.invoke(NativeMethodAccessorImpl.java:62)
at sun.reflect.DelegatingMethodAccessorImpl.invoke(DelegatingMethodAccessorImpl.java:43)
at java.lang.reflect.Method.invoke(Method.java:498)
at org.testng.internal.MethodInvocationHelper.invokeMethod(MethodInvocationHelper.java:134)
at org.testng.internal.TestInvoker.invokeMethod(TestInvoker.java:597)
at org.testng.internal.TestInvoker.invokeTestMethod(TestInvoker.java:173)
at org.testng.internal.MethodRunner.runInSequence(MethodRunner.java:46)
at org.testng.internal.TestInvoker$MethodInvocationAgent.invoke(TestInvoker.java:816)
at org.testng.internal.TestInvoker.invokeTestMethods(TestInvoker.java:146)
at org.testng.internal.TestMethodWorker.invokeTestMethods(TestMethodWorker.java:146)
at org.testng.internal.TestMethodWorker.run(TestMethodWorker.java:128)
at java.util.ArrayList.forEach(ArrayList.java:1257)
at org.testng.TestRunner.privateRun(TestRunner.java:766)
at org.testng.TestRunner.run(TestRunner.java:587)
at org.testng.SuiteRunner.runTest(SuiteRunner.java:384)
at org.testng.SuiteRunner.runSequentially(SuiteRunner.java:378)
at org.testng.SuiteRunner.privateRun(SuiteRunner.java:337)
at org.testng.SuiteRunner.run(SuiteRunner.java:286)
at org.testng.SuiteRunnerWorker.runSuite(SuiteRunnerWorker.java:53)
at org.testng.SuiteRunnerWorker.run(SuiteRunnerWorker.java:96)
at org.testng.TestNG.runSuitesSequentially(TestNG.java:1187)
at org.testng.TestNG.runSuitesLocally(TestNG.java:1109)
at org.testng.TestNG.runSuites(TestNG.java:1039)
at org.testng.TestNG.run(TestNG.java:1007)
at org.testng.remote.AbstractRemoteTestNG.run(AbstractRemoteTestNG.java:115)
at org.testng.remote.RemoteTestNG.initAndRun(RemoteTestNG.java:251)
at org.testng.remote.RemoteTestNG.main(RemoteTestNG.java:77)
]]>
    </error>
  </testcase> <!-- getNewCallTest -->
  <system-out/>
</testsuite> <!-- getPackage.getcallnewtest -->
