<?xml version="1.0" encoding="UTF-8"?>
<!-- Generated by org.testng.reporters.JUnitReportReporter -->
<testsuite skipped="0" hostname="L505613" name="getPackage.postRequestTest" tests="1" failures="0" timestamp="2021-04-01T09:21:35 GMT" time="4.555" errors="0">
  <testcase name="postCallTest" time="4.555" classname="getPackage.postRequestTest"/>
  <system-out/>
</testsuite> <!-- getPackage.postRequestTest -->
