<?xml version="1.0" encoding="UTF-8"?>
<!-- Generated by org.testng.reporters.JUnitReportReporter -->
<testsuite skipped="0" hostname="L505613" name="LearnAPIPackage.POSTCallTest" tests="1" failures="0" timestamp="2021-04-30T10:41:35 GMT" time="1.174" errors="0">
  <testcase name="testPOSTCall" time="1.174" classname="LearnAPIPackage.POSTCallTest"/>
  <system-out/>
</testsuite> <!-- LearnAPIPackage.POSTCallTest -->
